{"/Users/morganamouroux/Projects/GildedRoseMine/src/boundedValue.js": {"path":"/Users/morganamouroux/Projects/GildedRoseMine/src/boundedValue.js","statementMap":{"0":{"start":{"line":1,"column":28},"end":{"line":18,"column":1}},"1":{"start":{"line":2,"column":2},"end":{"line":17,"column":4}},"2":{"start":{"line":4,"column":38},"end":{"line":4,"column":60}},"3":{"start":{"line":5,"column":35},"end":{"line":5,"column":57}},"4":{"start":{"line":6,"column":35},"end":{"line":6,"column":59}},"5":{"start":{"line":8,"column":6},"end":{"line":10,"column":52}},"6":{"start":{"line":13,"column":6},"end":{"line":15,"column":54}}},"fnMap":{"0":{"name":"(anonymous_0)","decl":{"start":{"line":1,"column":28},"end":{"line":1,"column":29}},"loc":{"start":{"line":1,"column":60},"end":{"line":18,"column":1}},"line":1},"1":{"name":"(anonymous_1)","decl":{"start":{"line":4,"column":19},"end":{"line":4,"column":20}},"loc":{"start":{"line":4,"column":38},"end":{"line":4,"column":60}},"line":4},"2":{"name":"(anonymous_2)","decl":{"start":{"line":5,"column":16},"end":{"line":5,"column":17}},"loc":{"start":{"line":5,"column":35},"end":{"line":5,"column":57}},"line":5},"3":{"name":"(anonymous_3)","decl":{"start":{"line":6,"column":16},"end":{"line":6,"column":17}},"loc":{"start":{"line":6,"column":35},"end":{"line":6,"column":59}},"line":6},"4":{"name":"(anonymous_4)","decl":{"start":{"line":7,"column":16},"end":{"line":7,"column":17}},"loc":{"start":{"line":7,"column":31},"end":{"line":11,"column":5}},"line":7},"5":{"name":"(anonymous_5)","decl":{"start":{"line":12,"column":16},"end":{"line":12,"column":17}},"loc":{"start":{"line":12,"column":31},"end":{"line":16,"column":5}},"line":12}},"branchMap":{"0":{"loc":{"start":{"line":8,"column":13},"end":{"line":10,"column":51}},"type":"cond-expr","locations":[{"start":{"line":9,"column":10},"end":{"line":9,"column":62}},{"start":{"line":10,"column":10},"end":{"line":10,"column":51}}],"line":8},"1":{"loc":{"start":{"line":13,"column":13},"end":{"line":15,"column":53}},"type":"cond-expr","locations":[{"start":{"line":14,"column":10},"end":{"line":14,"column":62}},{"start":{"line":15,"column":10},"end":{"line":15,"column":53}}],"line":13}},"s":{"0":1,"1":279,"2":0,"3":0,"4":0,"5":87,"6":25},"f":{"0":279,"1":0,"2":0,"3":0,"4":87,"5":25},"b":{"0":[54,33],"1":[6,19]},"_coverageSchema":"1a1c01bbd47fc00a2c39e90264f33305004495a9","hash":"b2a749a758f918bb1b57d883ef524a3ba6caed29"}
,"/Users/morganamouroux/Projects/GildedRoseMine/src/gildedRose.js": {"path":"/Users/morganamouroux/Projects/GildedRoseMine/src/gildedRose.js","statementMap":{"0":{"start":{"line":11,"column":25},"end":{"line":48,"column":1}},"1":{"start":{"line":14,"column":17},"end":{"line":14,"column":37}},"2":{"start":{"line":16,"column":2},"end":{"line":33,"column":3}},"3":{"start":{"line":18,"column":6},"end":{"line":18,"column":68}},"4":{"start":{"line":19,"column":6},"end":{"line":19,"column":39}},"5":{"start":{"line":20,"column":6},"end":{"line":20,"column":12}},"6":{"start":{"line":22,"column":6},"end":{"line":22,"column":68}},"7":{"start":{"line":23,"column":6},"end":{"line":23,"column":44}},"8":{"start":{"line":24,"column":6},"end":{"line":24,"column":12}},"9":{"start":{"line":26,"column":6},"end":{"line":26,"column":61}},"10":{"start":{"line":27,"column":6},"end":{"line":27,"column":40}},"11":{"start":{"line":28,"column":6},"end":{"line":28,"column":12}},"12":{"start":{"line":30,"column":6},"end":{"line":30,"column":68}},"13":{"start":{"line":31,"column":6},"end":{"line":31,"column":39}},"14":{"start":{"line":32,"column":6},"end":{"line":32,"column":12}},"15":{"start":{"line":36,"column":4},"end":{"line":36,"column":31}},"16":{"start":{"line":37,"column":4},"end":{"line":39,"column":6}},"17":{"start":{"line":42,"column":2},"end":{"line":47,"column":4}},"18":{"start":{"line":44,"column":21},"end":{"line":44,"column":34}},"19":{"start":{"line":45,"column":22},"end":{"line":45,"column":36}},"20":{"start":{"line":50,"column":25},"end":{"line":56,"column":1}},"21":{"start":{"line":51,"column":2},"end":{"line":55,"column":4}},"22":{"start":{"line":58,"column":32},"end":{"line":73,"column":1}},"23":{"start":{"line":59,"column":20},"end":{"line":59,"column":33}},"24":{"start":{"line":60,"column":16},"end":{"line":60,"column":61}},"25":{"start":{"line":60,"column":39},"end":{"line":60,"column":60}},"26":{"start":{"line":63,"column":4},"end":{"line":65,"column":5}},"27":{"start":{"line":63,"column":17},"end":{"line":63,"column":18}},"28":{"start":{"line":64,"column":6},"end":{"line":64,"column":31}},"29":{"start":{"line":67,"column":4},"end":{"line":67,"column":55}},"30":{"start":{"line":67,"column":31},"end":{"line":67,"column":53}},"31":{"start":{"line":70,"column":2},"end":{"line":72,"column":4}}},"fnMap":{"0":{"name":"(anonymous_0)","decl":{"start":{"line":11,"column":25},"end":{"line":11,"column":26}},"loc":{"start":{"line":11,"column":34},"end":{"line":48,"column":1}},"line":11},"1":{"name":"updateQuality","decl":{"start":{"line":35,"column":11},"end":{"line":35,"column":24}},"loc":{"start":{"line":35,"column":27},"end":{"line":40,"column":3}},"line":35},"2":{"name":"(anonymous_2)","decl":{"start":{"line":44,"column":15},"end":{"line":44,"column":16}},"loc":{"start":{"line":44,"column":21},"end":{"line":44,"column":34}},"line":44},"3":{"name":"(anonymous_3)","decl":{"start":{"line":45,"column":16},"end":{"line":45,"column":17}},"loc":{"start":{"line":45,"column":22},"end":{"line":45,"column":36}},"line":45},"4":{"name":"(anonymous_4)","decl":{"start":{"line":50,"column":25},"end":{"line":50,"column":26}},"loc":{"start":{"line":50,"column":35},"end":{"line":56,"column":1}},"line":50},"5":{"name":"(anonymous_5)","decl":{"start":{"line":58,"column":32},"end":{"line":58,"column":33}},"loc":{"start":{"line":58,"column":51},"end":{"line":73,"column":1}},"line":58},"6":{"name":"(anonymous_6)","decl":{"start":{"line":60,"column":30},"end":{"line":60,"column":31}},"loc":{"start":{"line":60,"column":39},"end":{"line":60,"column":60}},"line":60},"7":{"name":"UpdateQuality","decl":{"start":{"line":62,"column":11},"end":{"line":62,"column":24}},"loc":{"start":{"line":62,"column":27},"end":{"line":68,"column":3}},"line":62},"8":{"name":"(anonymous_8)","decl":{"start":{"line":67,"column":21},"end":{"line":67,"column":22}},"loc":{"start":{"line":67,"column":31},"end":{"line":67,"column":53}},"line":67}},"branchMap":{"0":{"loc":{"start":{"line":16,"column":2},"end":{"line":33,"column":3}},"type":"switch","locations":[{"start":{"line":17,"column":4},"end":{"line":20,"column":12}},{"start":{"line":21,"column":4},"end":{"line":24,"column":12}},{"start":{"line":25,"column":4},"end":{"line":28,"column":12}},{"start":{"line":29,"column":4},"end":{"line":32,"column":12}}],"line":16}},"s":{"0":1,"1":82,"2":82,"3":24,"4":24,"5":24,"6":29,"7":29,"8":29,"9":12,"10":12,"11":12,"12":17,"13":17,"14":17,"15":82,"16":82,"17":82,"18":82,"19":82,"20":1,"21":82,"22":1,"23":82,"24":82,"25":82,"26":82,"27":82,"28":82,"29":82,"30":82,"31":82},"f":{"0":82,"1":82,"2":82,"3":82,"4":82,"5":82,"6":82,"7":82,"8":82},"b":{"0":[24,29,12,17]},"_coverageSchema":"1a1c01bbd47fc00a2c39e90264f33305004495a9","hash":"e1309debd6be08629d29708032121821923d0534"}
,"/Users/morganamouroux/Projects/GildedRoseMine/src/quality.js": {"path":"/Users/morganamouroux/Projects/GildedRoseMine/src/quality.js","statementMap":{"0":{"start":{"line":3,"column":23},"end":{"line":15,"column":1}},"1":{"start":{"line":4,"column":15},"end":{"line":4,"column":46}},"2":{"start":{"line":6,"column":2},"end":{"line":14,"column":4}},"3":{"start":{"line":9,"column":38},"end":{"line":9,"column":73}},"4":{"start":{"line":10,"column":35},"end":{"line":10,"column":67}},"5":{"start":{"line":11,"column":35},"end":{"line":11,"column":67}},"6":{"start":{"line":12,"column":31},"end":{"line":12,"column":74}},"7":{"start":{"line":13,"column":31},"end":{"line":13,"column":74}}},"fnMap":{"0":{"name":"(anonymous_0)","decl":{"start":{"line":3,"column":23},"end":{"line":3,"column":24}},"loc":{"start":{"line":3,"column":39},"end":{"line":15,"column":1}},"line":3},"1":{"name":"(anonymous_1)","decl":{"start":{"line":9,"column":19},"end":{"line":9,"column":20}},"loc":{"start":{"line":9,"column":38},"end":{"line":9,"column":73}},"line":9},"2":{"name":"(anonymous_2)","decl":{"start":{"line":10,"column":16},"end":{"line":10,"column":17}},"loc":{"start":{"line":10,"column":35},"end":{"line":10,"column":67}},"line":10},"3":{"name":"(anonymous_3)","decl":{"start":{"line":11,"column":16},"end":{"line":11,"column":17}},"loc":{"start":{"line":11,"column":35},"end":{"line":11,"column":67}},"line":11},"4":{"name":"(anonymous_4)","decl":{"start":{"line":12,"column":16},"end":{"line":12,"column":17}},"loc":{"start":{"line":12,"column":31},"end":{"line":12,"column":74}},"line":12},"5":{"name":"(anonymous_5)","decl":{"start":{"line":13,"column":16},"end":{"line":13,"column":17}},"loc":{"start":{"line":13,"column":31},"end":{"line":13,"column":74}},"line":13}},"branchMap":{},"s":{"0":1,"1":167,"2":167,"3":0,"4":0,"5":0,"6":0,"7":0},"f":{"0":167,"1":0,"2":0,"3":0,"4":0,"5":0},"b":{},"_coverageSchema":"1a1c01bbd47fc00a2c39e90264f33305004495a9","hash":"de9f0d11dc9f64bf2e082a31413d11031d73ba38"}
,"/Users/morganamouroux/Projects/GildedRoseMine/src/sellIn.js": {"path":"/Users/morganamouroux/Projects/GildedRoseMine/src/sellIn.js","statementMap":{"0":{"start":{"line":1,"column":22},"end":{"line":9,"column":1}},"1":{"start":{"line":2,"column":2},"end":{"line":8,"column":4}},"2":{"start":{"line":4,"column":38},"end":{"line":4,"column":73}},"3":{"start":{"line":5,"column":35},"end":{"line":5,"column":67}},"4":{"start":{"line":6,"column":35},"end":{"line":6,"column":67}},"5":{"start":{"line":7,"column":18},"end":{"line":7,"column":55}}},"fnMap":{"0":{"name":"(anonymous_0)","decl":{"start":{"line":1,"column":22},"end":{"line":1,"column":23}},"loc":{"start":{"line":1,"column":42},"end":{"line":9,"column":1}},"line":1},"1":{"name":"(anonymous_1)","decl":{"start":{"line":4,"column":19},"end":{"line":4,"column":20}},"loc":{"start":{"line":4,"column":38},"end":{"line":4,"column":73}},"line":4},"2":{"name":"(anonymous_2)","decl":{"start":{"line":5,"column":16},"end":{"line":5,"column":17}},"loc":{"start":{"line":5,"column":35},"end":{"line":5,"column":67}},"line":5},"3":{"name":"(anonymous_3)","decl":{"start":{"line":6,"column":16},"end":{"line":6,"column":17}},"loc":{"start":{"line":6,"column":35},"end":{"line":6,"column":67}},"line":6},"4":{"name":"(anonymous_4)","decl":{"start":{"line":7,"column":12},"end":{"line":7,"column":13}},"loc":{"start":{"line":7,"column":18},"end":{"line":7,"column":55}},"line":7}},"branchMap":{},"s":{"0":1,"1":164,"2":0,"3":122,"4":0,"5":82},"f":{"0":164,"1":0,"2":122,"3":0,"4":82},"b":{},"_coverageSchema":"1a1c01bbd47fc00a2c39e90264f33305004495a9","hash":"a649263ca37efb937e090b6296f35daada7b5947"}
,"/Users/morganamouroux/Projects/GildedRoseMine/src/value.js": {"path":"/Users/morganamouroux/Projects/GildedRoseMine/src/value.js","statementMap":{"0":{"start":{"line":1,"column":21},"end":{"line":10,"column":1}},"1":{"start":{"line":2,"column":2},"end":{"line":9,"column":4}},"2":{"start":{"line":4,"column":38},"end":{"line":4,"column":60}},"3":{"start":{"line":5,"column":35},"end":{"line":5,"column":57}},"4":{"start":{"line":6,"column":35},"end":{"line":6,"column":59}},"5":{"start":{"line":7,"column":31},"end":{"line":7,"column":56}},"6":{"start":{"line":8,"column":31},"end":{"line":8,"column":56}}},"fnMap":{"0":{"name":"(anonymous_0)","decl":{"start":{"line":1,"column":21},"end":{"line":1,"column":22}},"loc":{"start":{"line":1,"column":33},"end":{"line":10,"column":1}},"line":1},"1":{"name":"(anonymous_1)","decl":{"start":{"line":4,"column":19},"end":{"line":4,"column":20}},"loc":{"start":{"line":4,"column":38},"end":{"line":4,"column":60}},"line":4},"2":{"name":"(anonymous_2)","decl":{"start":{"line":5,"column":16},"end":{"line":5,"column":17}},"loc":{"start":{"line":5,"column":35},"end":{"line":5,"column":57}},"line":5},"3":{"name":"(anonymous_3)","decl":{"start":{"line":6,"column":16},"end":{"line":6,"column":17}},"loc":{"start":{"line":6,"column":35},"end":{"line":6,"column":59}},"line":6},"4":{"name":"(anonymous_4)","decl":{"start":{"line":7,"column":16},"end":{"line":7,"column":17}},"loc":{"start":{"line":7,"column":31},"end":{"line":7,"column":56}},"line":7},"5":{"name":"(anonymous_5)","decl":{"start":{"line":8,"column":16},"end":{"line":8,"column":17}},"loc":{"start":{"line":8,"column":31},"end":{"line":8,"column":56}},"line":8}},"branchMap":{},"s":{"0":1,"1":152,"2":0,"3":122,"4":0,"5":0,"6":70},"f":{"0":152,"1":0,"2":122,"3":0,"4":0,"5":70},"b":{},"_coverageSchema":"1a1c01bbd47fc00a2c39e90264f33305004495a9","hash":"2b67956c97d44564fff913b0a6c36642bea14373"}
,"/Users/morganamouroux/Projects/GildedRoseMine/src/policies/AgedBriePolicy.js": {"path":"/Users/morganamouroux/Projects/GildedRoseMine/src/policies/AgedBriePolicy.js","statementMap":{"0":{"start":{"line":1,"column":30},"end":{"line":14,"column":1}},"1":{"start":{"line":3,"column":19},"end":{"line":3,"column":39}},"2":{"start":{"line":4,"column":4},"end":{"line":6,"column":5}},"3":{"start":{"line":5,"column":6},"end":{"line":5,"column":40}},"4":{"start":{"line":8,"column":4},"end":{"line":8,"column":26}},"5":{"start":{"line":11,"column":2},"end":{"line":13,"column":4}}},"fnMap":{"0":{"name":"(anonymous_0)","decl":{"start":{"line":1,"column":30},"end":{"line":1,"column":31}},"loc":{"start":{"line":1,"column":36},"end":{"line":14,"column":1}},"line":1},"1":{"name":"update","decl":{"start":{"line":2,"column":11},"end":{"line":2,"column":17}},"loc":{"start":{"line":2,"column":44},"end":{"line":9,"column":3}},"line":2}},"branchMap":{"0":{"loc":{"start":{"line":4,"column":4},"end":{"line":6,"column":5}},"type":"if","locations":[{"start":{"line":4,"column":4},"end":{"line":6,"column":5}},{"start":{},"end":{}}],"line":4}},"s":{"0":1,"1":24,"2":24,"3":11,"4":24,"5":24},"f":{"0":24,"1":24},"b":{"0":[11,13]},"_coverageSchema":"1a1c01bbd47fc00a2c39e90264f33305004495a9","hash":"dc17f3575f0978a2db41f75dbcb18b5ad99bd9d6"}
,"/Users/morganamouroux/Projects/GildedRoseMine/src/policies/backstagePassPolicy.js": {"path":"/Users/morganamouroux/Projects/GildedRoseMine/src/policies/backstagePassPolicy.js","statementMap":{"0":{"start":{"line":3,"column":35},"end":{"line":23,"column":1}},"1":{"start":{"line":5,"column":4},"end":{"line":7,"column":5}},"2":{"start":{"line":6,"column":6},"end":{"line":6,"column":30}},"3":{"start":{"line":9,"column":19},"end":{"line":9,"column":39}},"4":{"start":{"line":10,"column":4},"end":{"line":12,"column":5}},"5":{"start":{"line":11,"column":6},"end":{"line":11,"column":40}},"6":{"start":{"line":13,"column":4},"end":{"line":15,"column":5}},"7":{"start":{"line":14,"column":6},"end":{"line":14,"column":40}},"8":{"start":{"line":17,"column":4},"end":{"line":17,"column":26}},"9":{"start":{"line":20,"column":2},"end":{"line":22,"column":4}}},"fnMap":{"0":{"name":"(anonymous_0)","decl":{"start":{"line":3,"column":35},"end":{"line":3,"column":36}},"loc":{"start":{"line":3,"column":41},"end":{"line":23,"column":1}},"line":3},"1":{"name":"update","decl":{"start":{"line":4,"column":11},"end":{"line":4,"column":17}},"loc":{"start":{"line":4,"column":48},"end":{"line":18,"column":3}},"line":4}},"branchMap":{"0":{"loc":{"start":{"line":5,"column":4},"end":{"line":7,"column":5}},"type":"if","locations":[{"start":{"line":5,"column":4},"end":{"line":7,"column":5}},{"start":{},"end":{}}],"line":5},"1":{"loc":{"start":{"line":10,"column":4},"end":{"line":12,"column":5}},"type":"if","locations":[{"start":{"line":10,"column":4},"end":{"line":12,"column":5}},{"start":{},"end":{}}],"line":10},"2":{"loc":{"start":{"line":13,"column":4},"end":{"line":15,"column":5}},"type":"if","locations":[{"start":{"line":13,"column":4},"end":{"line":15,"column":5}},{"start":{},"end":{}}],"line":13}},"s":{"0":1,"1":29,"2":3,"3":26,"4":26,"5":16,"6":26,"7":10,"8":26,"9":29},"f":{"0":29,"1":29},"b":{"0":[3,26],"1":[16,10],"2":[10,16]},"_coverageSchema":"1a1c01bbd47fc00a2c39e90264f33305004495a9","hash":"78ded1162d09c89ecda195cd4e9ade92813a1d64"}
,"/Users/morganamouroux/Projects/GildedRoseMine/src/policies/legendaryPolicy.js": {"path":"/Users/morganamouroux/Projects/GildedRoseMine/src/policies/legendaryPolicy.js","statementMap":{"0":{"start":{"line":1,"column":31},"end":{"line":5,"column":1}},"1":{"start":{"line":2,"column":2},"end":{"line":4,"column":4}},"2":{"start":{"line":3,"column":41},"end":{"line":3,"column":53}}},"fnMap":{"0":{"name":"(anonymous_0)","decl":{"start":{"line":1,"column":31},"end":{"line":1,"column":32}},"loc":{"start":{"line":1,"column":37},"end":{"line":5,"column":1}},"line":1},"1":{"name":"(anonymous_1)","decl":{"start":{"line":3,"column":12},"end":{"line":3,"column":13}},"loc":{"start":{"line":3,"column":41},"end":{"line":3,"column":53}},"line":3}},"branchMap":{},"s":{"0":1,"1":12,"2":12},"f":{"0":12,"1":12},"b":{},"_coverageSchema":"1a1c01bbd47fc00a2c39e90264f33305004495a9","hash":"aa2c817dd2e8dc771db8dea9a86dc93e61763769"}
,"/Users/morganamouroux/Projects/GildedRoseMine/src/policies/regularDecreasePolicy.js": {"path":"/Users/morganamouroux/Projects/GildedRoseMine/src/policies/regularDecreasePolicy.js","statementMap":{"0":{"start":{"line":1,"column":37},"end":{"line":5,"column":1}},"1":{"start":{"line":2,"column":2},"end":{"line":4,"column":4}},"2":{"start":{"line":3,"column":23},"end":{"line":3,"column":50}}},"fnMap":{"0":{"name":"(anonymous_0)","decl":{"start":{"line":1,"column":37},"end":{"line":1,"column":38}},"loc":{"start":{"line":1,"column":52},"end":{"line":5,"column":1}},"line":1},"1":{"name":"(anonymous_1)","decl":{"start":{"line":3,"column":12},"end":{"line":3,"column":13}},"loc":{"start":{"line":3,"column":23},"end":{"line":3,"column":50}},"line":3}},"branchMap":{},"s":{"0":1,"1":70,"2":70},"f":{"0":70,"1":70},"b":{},"_coverageSchema":"1a1c01bbd47fc00a2c39e90264f33305004495a9","hash":"89a9c4ebcfd46858452ae28bc02644ef5915e803"}
,"/Users/morganamouroux/Projects/GildedRoseMine/src/policies/standardPolicy.js": {"path":"/Users/morganamouroux/Projects/GildedRoseMine/src/policies/standardPolicy.js","statementMap":{"0":{"start":{"line":1,"column":30},"end":{"line":14,"column":1}},"1":{"start":{"line":3,"column":19},"end":{"line":3,"column":39}},"2":{"start":{"line":4,"column":4},"end":{"line":6,"column":5}},"3":{"start":{"line":5,"column":6},"end":{"line":5,"column":40}},"4":{"start":{"line":8,"column":4},"end":{"line":8,"column":26}},"5":{"start":{"line":11,"column":2},"end":{"line":13,"column":4}}},"fnMap":{"0":{"name":"(anonymous_0)","decl":{"start":{"line":1,"column":30},"end":{"line":1,"column":31}},"loc":{"start":{"line":1,"column":36},"end":{"line":14,"column":1}},"line":1},"1":{"name":"update","decl":{"start":{"line":2,"column":11},"end":{"line":2,"column":17}},"loc":{"start":{"line":2,"column":43},"end":{"line":9,"column":3}},"line":2}},"branchMap":{"0":{"loc":{"start":{"line":4,"column":4},"end":{"line":6,"column":5}},"type":"if","locations":[{"start":{"line":4,"column":4},"end":{"line":6,"column":5}},{"start":{},"end":{}}],"line":4}},"s":{"0":1,"1":17,"2":17,"3":8,"4":17,"5":17},"f":{"0":17,"1":17},"b":{"0":[8,9]},"_coverageSchema":"1a1c01bbd47fc00a2c39e90264f33305004495a9","hash":"3f1c5d3781a7f0491a409014f1c9f69f110159d2"}
,"/Users/morganamouroux/Projects/GildedRoseMine/src/policies/unchangedPolicy.js": {"path":"/Users/morganamouroux/Projects/GildedRoseMine/src/policies/unchangedPolicy.js","statementMap":{"0":{"start":{"line":1,"column":31},"end":{"line":5,"column":1}},"1":{"start":{"line":2,"column":2},"end":{"line":4,"column":4}},"2":{"start":{"line":3,"column":23},"end":{"line":3,"column":28}}},"fnMap":{"0":{"name":"(anonymous_0)","decl":{"start":{"line":1,"column":31},"end":{"line":1,"column":32}},"loc":{"start":{"line":1,"column":37},"end":{"line":5,"column":1}},"line":1},"1":{"name":"(anonymous_1)","decl":{"start":{"line":3,"column":12},"end":{"line":3,"column":13}},"loc":{"start":{"line":3,"column":23},"end":{"line":3,"column":28}},"line":3}},"branchMap":{},"s":{"0":1,"1":12,"2":12},"f":{"0":12,"1":12},"b":{},"_coverageSchema":"1a1c01bbd47fc00a2c39e90264f33305004495a9","hash":"d04c68e7672dc2e5d7585ff8b1e2bab5a8b2b4fc"}
,"/Users/morganamouroux/Projects/GildedRoseMine/test/agedBrieBuilder.js": {"path":"/Users/morganamouroux/Projects/GildedRoseMine/test/agedBrieBuilder.js","statementMap":{"0":{"start":{"line":3,"column":26},"end":{"line":51,"column":1}},"1":{"start":{"line":4,"column":16},"end":{"line":4,"column":17}},"2":{"start":{"line":5,"column":15},"end":{"line":5,"column":16}},"3":{"start":{"line":8,"column":4},"end":{"line":8,"column":26}},"4":{"start":{"line":9,"column":4},"end":{"line":9,"column":16}},"5":{"start":{"line":13,"column":4},"end":{"line":13,"column":40}},"6":{"start":{"line":14,"column":4},"end":{"line":14,"column":28}},"7":{"start":{"line":15,"column":4},"end":{"line":15,"column":16}},"8":{"start":{"line":19,"column":4},"end":{"line":19,"column":43}},"9":{"start":{"line":20,"column":4},"end":{"line":20,"column":28}},"10":{"start":{"line":21,"column":4},"end":{"line":21,"column":16}},"11":{"start":{"line":25,"column":4},"end":{"line":25,"column":18}},"12":{"start":{"line":26,"column":4},"end":{"line":26,"column":16}},"13":{"start":{"line":30,"column":4},"end":{"line":30,"column":28}},"14":{"start":{"line":31,"column":4},"end":{"line":31,"column":16}},"15":{"start":{"line":35,"column":4},"end":{"line":40,"column":6}},"16":{"start":{"line":43,"column":2},"end":{"line":50,"column":4}}},"fnMap":{"0":{"name":"(anonymous_0)","decl":{"start":{"line":3,"column":26},"end":{"line":3,"column":27}},"loc":{"start":{"line":3,"column":32},"end":{"line":51,"column":1}},"line":3},"1":{"name":"withSellIn","decl":{"start":{"line":7,"column":11},"end":{"line":7,"column":21}},"loc":{"start":{"line":7,"column":35},"end":{"line":10,"column":3}},"line":7},"2":{"name":"thatIsMatureWith","decl":{"start":{"line":12,"column":11},"end":{"line":12,"column":27}},"loc":{"start":{"line":12,"column":41},"end":{"line":16,"column":3}},"line":12},"3":{"name":"thatIsYoungWith","decl":{"start":{"line":18,"column":11},"end":{"line":18,"column":26}},"loc":{"start":{"line":18,"column":40},"end":{"line":22,"column":3}},"line":18},"4":{"name":"thatIsAboutToArriveAtMaturity","decl":{"start":{"line":24,"column":11},"end":{"line":24,"column":40}},"loc":{"start":{"line":24,"column":43},"end":{"line":27,"column":3}},"line":24},"5":{"name":"withQuality","decl":{"start":{"line":29,"column":11},"end":{"line":29,"column":22}},"loc":{"start":{"line":29,"column":37},"end":{"line":32,"column":3}},"line":29},"6":{"name":"getInstance","decl":{"start":{"line":34,"column":11},"end":{"line":34,"column":22}},"loc":{"start":{"line":34,"column":25},"end":{"line":41,"column":3}},"line":34}},"branchMap":{},"s":{"0":1,"1":8,"2":8,"3":5,"4":5,"5":2,"6":2,"7":2,"8":1,"9":1,"10":1,"11":1,"12":1,"13":0,"14":0,"15":8,"16":8},"f":{"0":8,"1":5,"2":2,"3":1,"4":1,"5":0,"6":8},"b":{},"_coverageSchema":"1a1c01bbd47fc00a2c39e90264f33305004495a9","hash":"b23553d1fe5a0bc080af97c326a66319d3c33e07"}
,"/Users/morganamouroux/Projects/GildedRoseMine/test/backstagePassBuilder.js": {"path":"/Users/morganamouroux/Projects/GildedRoseMine/test/backstagePassBuilder.js","statementMap":{"0":{"start":{"line":3,"column":30},"end":{"line":53,"column":1}},"1":{"start":{"line":4,"column":16},"end":{"line":4,"column":17}},"2":{"start":{"line":5,"column":15},"end":{"line":5,"column":16}},"3":{"start":{"line":8,"column":4},"end":{"line":8,"column":26}},"4":{"start":{"line":9,"column":4},"end":{"line":9,"column":16}},"5":{"start":{"line":13,"column":4},"end":{"line":13,"column":28}},"6":{"start":{"line":14,"column":4},"end":{"line":14,"column":16}},"7":{"start":{"line":18,"column":4},"end":{"line":23,"column":6}},"8":{"start":{"line":27,"column":4},"end":{"line":27,"column":50}},"9":{"start":{"line":28,"column":4},"end":{"line":28,"column":34}},"10":{"start":{"line":29,"column":4},"end":{"line":29,"column":16}},"11":{"start":{"line":33,"column":4},"end":{"line":33,"column":49}},"12":{"start":{"line":34,"column":4},"end":{"line":34,"column":47}},"13":{"start":{"line":35,"column":4},"end":{"line":35,"column":34}},"14":{"start":{"line":36,"column":4},"end":{"line":36,"column":16}},"15":{"start":{"line":40,"column":4},"end":{"line":40,"column":46}},"16":{"start":{"line":41,"column":4},"end":{"line":41,"column":34}},"17":{"start":{"line":42,"column":4},"end":{"line":42,"column":16}},"18":{"start":{"line":45,"column":2},"end":{"line":52,"column":4}}},"fnMap":{"0":{"name":"(anonymous_0)","decl":{"start":{"line":3,"column":30},"end":{"line":3,"column":31}},"loc":{"start":{"line":3,"column":36},"end":{"line":53,"column":1}},"line":3},"1":{"name":"withSellIn","decl":{"start":{"line":7,"column":11},"end":{"line":7,"column":21}},"loc":{"start":{"line":7,"column":35},"end":{"line":10,"column":3}},"line":7},"2":{"name":"withQuality","decl":{"start":{"line":12,"column":11},"end":{"line":12,"column":22}},"loc":{"start":{"line":12,"column":37},"end":{"line":15,"column":3}},"line":12},"3":{"name":"getInstance","decl":{"start":{"line":17,"column":11},"end":{"line":17,"column":22}},"loc":{"start":{"line":17,"column":25},"end":{"line":24,"column":3}},"line":17},"4":{"name":"farFromConcertDate","decl":{"start":{"line":26,"column":11},"end":{"line":26,"column":29}},"loc":{"start":{"line":26,"column":49},"end":{"line":30,"column":3}},"line":26},"5":{"name":"closeToConcertDate","decl":{"start":{"line":32,"column":11},"end":{"line":32,"column":29}},"loc":{"start":{"line":32,"column":49},"end":{"line":37,"column":3}},"line":32},"6":{"name":"veryCloseToConcertDate","decl":{"start":{"line":39,"column":11},"end":{"line":39,"column":33}},"loc":{"start":{"line":39,"column":53},"end":{"line":43,"column":3}},"line":39}},"branchMap":{},"s":{"0":1,"1":13,"2":13,"3":11,"4":11,"5":0,"6":0,"7":13,"8":3,"9":3,"10":3,"11":3,"12":3,"13":3,"14":3,"15":5,"16":5,"17":5,"18":13},"f":{"0":13,"1":11,"2":0,"3":13,"4":3,"5":3,"6":5},"b":{},"_coverageSchema":"1a1c01bbd47fc00a2c39e90264f33305004495a9","hash":"87d74182a16c29480f183fa148b8c03839bcb7be"}
,"/Users/morganamouroux/Projects/GildedRoseMine/test/lengendaryItemBuilder.js": {"path":"/Users/morganamouroux/Projects/GildedRoseMine/test/lengendaryItemBuilder.js","statementMap":{"0":{"start":{"line":3,"column":30},"end":{"line":31,"column":1}},"1":{"start":{"line":4,"column":16},"end":{"line":4,"column":17}},"2":{"start":{"line":5,"column":15},"end":{"line":5,"column":16}},"3":{"start":{"line":8,"column":4},"end":{"line":8,"column":26}},"4":{"start":{"line":9,"column":4},"end":{"line":9,"column":16}},"5":{"start":{"line":13,"column":4},"end":{"line":13,"column":28}},"6":{"start":{"line":14,"column":4},"end":{"line":14,"column":16}},"7":{"start":{"line":18,"column":4},"end":{"line":23,"column":6}},"8":{"start":{"line":26,"column":2},"end":{"line":30,"column":4}}},"fnMap":{"0":{"name":"(anonymous_0)","decl":{"start":{"line":3,"column":30},"end":{"line":3,"column":31}},"loc":{"start":{"line":3,"column":36},"end":{"line":31,"column":1}},"line":3},"1":{"name":"withSellIn","decl":{"start":{"line":7,"column":11},"end":{"line":7,"column":21}},"loc":{"start":{"line":7,"column":35},"end":{"line":10,"column":3}},"line":7},"2":{"name":"withQuality","decl":{"start":{"line":12,"column":11},"end":{"line":12,"column":22}},"loc":{"start":{"line":12,"column":37},"end":{"line":15,"column":3}},"line":12},"3":{"name":"getInstance","decl":{"start":{"line":17,"column":11},"end":{"line":17,"column":22}},"loc":{"start":{"line":17,"column":25},"end":{"line":24,"column":3}},"line":17}},"branchMap":{},"s":{"0":1,"1":4,"2":4,"3":0,"4":0,"5":0,"6":0,"7":4,"8":4},"f":{"0":4,"1":0,"2":0,"3":4},"b":{},"_coverageSchema":"1a1c01bbd47fc00a2c39e90264f33305004495a9","hash":"f61ef9e7a24a3b534fd976749d32de62b76bbcf3"}
,"/Users/morganamouroux/Projects/GildedRoseMine/test/scenario.js": {"path":"/Users/morganamouroux/Projects/GildedRoseMine/test/scenario.js","statementMap":{"0":{"start":{"line":4,"column":21},"end":{"line":78,"column":1}},"1":{"start":{"line":6,"column":19},"end":{"line":6,"column":21}},"2":{"start":{"line":9,"column":4},"end":{"line":9,"column":16}},"3":{"start":{"line":13,"column":4},"end":{"line":13,"column":29}},"4":{"start":{"line":14,"column":4},"end":{"line":14,"column":16}},"5":{"start":{"line":18,"column":24},"end":{"line":18,"column":47}},"6":{"start":{"line":19,"column":4},"end":{"line":19,"column":45}},"7":{"start":{"line":20,"column":4},"end":{"line":20,"column":16}},"8":{"start":{"line":24,"column":4},"end":{"line":24,"column":57}},"9":{"start":{"line":25,"column":4},"end":{"line":25,"column":16}},"10":{"start":{"line":29,"column":4},"end":{"line":31,"column":61}},"11":{"start":{"line":31,"column":33},"end":{"line":31,"column":59}},"12":{"start":{"line":35,"column":27},"end":{"line":35,"column":70}},"13":{"start":{"line":36,"column":4},"end":{"line":36,"column":44}},"14":{"start":{"line":38,"column":4},"end":{"line":38,"column":39}},"15":{"start":{"line":39,"column":4},"end":{"line":39,"column":41}},"16":{"start":{"line":40,"column":4},"end":{"line":43,"column":5}},"17":{"start":{"line":40,"column":17},"end":{"line":40,"column":18}},"18":{"start":{"line":41,"column":6},"end":{"line":41,"column":37}},"19":{"start":{"line":42,"column":6},"end":{"line":42,"column":43}},"20":{"start":{"line":44,"column":4},"end":{"line":44,"column":16}},"21":{"start":{"line":48,"column":28},"end":{"line":48,"column":72}},"22":{"start":{"line":49,"column":4},"end":{"line":49,"column":46}},"23":{"start":{"line":51,"column":4},"end":{"line":51,"column":39}},"24":{"start":{"line":52,"column":4},"end":{"line":52,"column":43}},"25":{"start":{"line":53,"column":4},"end":{"line":56,"column":5}},"26":{"start":{"line":53,"column":17},"end":{"line":53,"column":18}},"27":{"start":{"line":54,"column":6},"end":{"line":54,"column":37}},"28":{"start":{"line":55,"column":6},"end":{"line":55,"column":45}},"29":{"start":{"line":57,"column":4},"end":{"line":57,"column":16}},"30":{"start":{"line":61,"column":4},"end":{"line":61,"column":59}},"31":{"start":{"line":62,"column":4},"end":{"line":62,"column":16}},"32":{"start":{"line":65,"column":2},"end":{"line":77,"column":4}}},"fnMap":{"0":{"name":"(anonymous_0)","decl":{"start":{"line":4,"column":21},"end":{"line":4,"column":22}},"loc":{"start":{"line":4,"column":27},"end":{"line":78,"column":1}},"line":4},"1":{"name":"self","decl":{"start":{"line":8,"column":11},"end":{"line":8,"column":15}},"loc":{"start":{"line":8,"column":18},"end":{"line":10,"column":3}},"line":8},"2":{"name":"anItem","decl":{"start":{"line":12,"column":11},"end":{"line":12,"column":17}},"loc":{"start":{"line":12,"column":29},"end":{"line":15,"column":3}},"line":12},"3":{"name":"weUpdateItsQuality","decl":{"start":{"line":17,"column":11},"end":{"line":17,"column":29}},"loc":{"start":{"line":17,"column":37},"end":{"line":21,"column":3}},"line":17},"4":{"name":"itsSellInShouldBe","decl":{"start":{"line":23,"column":11},"end":{"line":23,"column":28}},"loc":{"start":{"line":23,"column":45},"end":{"line":26,"column":3}},"line":23},"5":{"name":"parseExpectedPath","decl":{"start":{"line":28,"column":11},"end":{"line":28,"column":28}},"loc":{"start":{"line":28,"column":53},"end":{"line":32,"column":3}},"line":28},"6":{"name":"(anonymous_6)","decl":{"start":{"line":31,"column":11},"end":{"line":31,"column":12}},"loc":{"start":{"line":31,"column":33},"end":{"line":31,"column":59}},"line":31},"7":{"name":"itsSellInShouldFollowThisPath","decl":{"start":{"line":34,"column":11},"end":{"line":34,"column":40}},"loc":{"start":{"line":34,"column":67},"end":{"line":45,"column":3}},"line":34},"8":{"name":"itsQualityShouldFollowThisPath","decl":{"start":{"line":47,"column":11},"end":{"line":47,"column":41}},"loc":{"start":{"line":47,"column":69},"end":{"line":58,"column":3}},"line":47},"9":{"name":"itsQualityShouldBe","decl":{"start":{"line":60,"column":11},"end":{"line":60,"column":29}},"loc":{"start":{"line":60,"column":47},"end":{"line":63,"column":3}},"line":60}},"branchMap":{},"s":{"0":1,"1":32,"2":32,"3":32,"4":32,"5":82,"6":82,"7":82,"8":30,"9":30,"10":32,"11":114,"12":8,"13":8,"14":8,"15":8,"16":8,"17":8,"18":22,"19":22,"20":8,"21":24,"22":24,"23":24,"24":24,"25":24,"26":24,"27":28,"28":28,"29":24,"30":52,"31":52,"32":32},"f":{"0":32,"1":32,"2":32,"3":82,"4":30,"5":32,"6":114,"7":8,"8":24,"9":52},"b":{},"_coverageSchema":"1a1c01bbd47fc00a2c39e90264f33305004495a9","hash":"ef03540db28f00eb62b5c89655b7c188ba73a0f2"}
,"/Users/morganamouroux/Projects/GildedRoseMine/test/standardItemBuilder.js": {"path":"/Users/morganamouroux/Projects/GildedRoseMine/test/standardItemBuilder.js","statementMap":{"0":{"start":{"line":3,"column":29},"end":{"line":38,"column":1}},"1":{"start":{"line":4,"column":16},"end":{"line":4,"column":17}},"2":{"start":{"line":5,"column":15},"end":{"line":5,"column":16}},"3":{"start":{"line":8,"column":4},"end":{"line":8,"column":26}},"4":{"start":{"line":9,"column":4},"end":{"line":9,"column":16}},"5":{"start":{"line":13,"column":4},"end":{"line":13,"column":46}},"6":{"start":{"line":14,"column":4},"end":{"line":14,"column":34}},"7":{"start":{"line":15,"column":4},"end":{"line":15,"column":16}},"8":{"start":{"line":19,"column":4},"end":{"line":19,"column":28}},"9":{"start":{"line":20,"column":4},"end":{"line":20,"column":16}},"10":{"start":{"line":24,"column":4},"end":{"line":29,"column":6}},"11":{"start":{"line":32,"column":2},"end":{"line":37,"column":4}}},"fnMap":{"0":{"name":"(anonymous_0)","decl":{"start":{"line":3,"column":29},"end":{"line":3,"column":30}},"loc":{"start":{"line":3,"column":35},"end":{"line":38,"column":1}},"line":3},"1":{"name":"withSellIn","decl":{"start":{"line":7,"column":11},"end":{"line":7,"column":21}},"loc":{"start":{"line":7,"column":35},"end":{"line":10,"column":3}},"line":7},"2":{"name":"thatPassedOut","decl":{"start":{"line":12,"column":11},"end":{"line":12,"column":24}},"loc":{"start":{"line":12,"column":44},"end":{"line":16,"column":3}},"line":12},"3":{"name":"withQuality","decl":{"start":{"line":18,"column":11},"end":{"line":18,"column":22}},"loc":{"start":{"line":18,"column":37},"end":{"line":21,"column":3}},"line":18},"4":{"name":"getInstance","decl":{"start":{"line":23,"column":11},"end":{"line":23,"column":22}},"loc":{"start":{"line":23,"column":25},"end":{"line":30,"column":3}},"line":23}},"branchMap":{},"s":{"0":1,"1":7,"2":7,"3":4,"4":4,"5":0,"6":0,"7":0,"8":0,"9":0,"10":7,"11":7},"f":{"0":7,"1":4,"2":0,"3":0,"4":7},"b":{},"_coverageSchema":"1a1c01bbd47fc00a2c39e90264f33305004495a9","hash":"db554d33d99c79e313670dcc75462d9443fb9226"}
}
