TN:
SF:src/boundedValue.js
FN:1,(anonymous_0)
FN:4,(anonymous_1)
FN:5,(anonymous_2)
FN:6,(anonymous_3)
FN:7,(anonymous_4)
FN:12,(anonymous_5)
FNF:6
FNH:3
FNDA:279,(anonymous_0)
FNDA:0,(anonymous_1)
FNDA:0,(anonymous_2)
FNDA:0,(anonymous_3)
FNDA:87,(anonymous_4)
FNDA:25,(anonymous_5)
DA:1,1
DA:2,279
DA:4,0
DA:5,0
DA:6,0
DA:8,87
DA:13,25
LF:7
LH:4
BRDA:8,0,0,54
BRDA:8,0,1,33
BRDA:13,1,0,6
BRDA:13,1,1,19
BRF:4
BRH:4
end_of_record
TN:
SF:src/gildedRose.js
FN:11,(anonymous_0)
FN:35,updateQuality
FN:44,(anonymous_2)
FN:45,(anonymous_3)
FN:50,(anonymous_4)
FN:58,(anonymous_5)
FN:60,(anonymous_6)
FN:62,UpdateQuality
FN:67,(anonymous_8)
FNF:9
FNH:9
FNDA:82,(anonymous_0)
FNDA:82,updateQuality
FNDA:82,(anonymous_2)
FNDA:82,(anonymous_3)
FNDA:82,(anonymous_4)
FNDA:82,(anonymous_5)
FNDA:82,(anonymous_6)
FNDA:82,UpdateQuality
FNDA:82,(anonymous_8)
DA:11,1
DA:14,82
DA:16,82
DA:18,24
DA:19,24
DA:20,24
DA:22,29
DA:23,29
DA:24,29
DA:26,12
DA:27,12
DA:28,12
DA:30,17
DA:31,17
DA:32,17
DA:36,82
DA:37,82
DA:42,82
DA:44,82
DA:45,82
DA:50,1
DA:51,82
DA:58,1
DA:59,82
DA:60,82
DA:63,82
DA:64,82
DA:67,82
DA:70,82
LF:29
LH:29
BRDA:16,0,0,24
BRDA:16,0,1,29
BRDA:16,0,2,12
BRDA:16,0,3,17
BRF:4
BRH:4
end_of_record
TN:
SF:src/quality.js
FN:3,(anonymous_0)
FN:9,(anonymous_1)
FN:10,(anonymous_2)
FN:11,(anonymous_3)
FN:12,(anonymous_4)
FN:13,(anonymous_5)
FNF:6
FNH:1
FNDA:167,(anonymous_0)
FNDA:0,(anonymous_1)
FNDA:0,(anonymous_2)
FNDA:0,(anonymous_3)
FNDA:0,(anonymous_4)
FNDA:0,(anonymous_5)
DA:3,1
DA:4,167
DA:6,167
DA:9,0
DA:10,0
DA:11,0
DA:12,0
DA:13,0
LF:8
LH:3
BRF:0
BRH:0
end_of_record
TN:
SF:src/sellIn.js
FN:1,(anonymous_0)
FN:4,(anonymous_1)
FN:5,(anonymous_2)
FN:6,(anonymous_3)
FN:7,(anonymous_4)
FNF:5
FNH:3
FNDA:164,(anonymous_0)
FNDA:0,(anonymous_1)
FNDA:122,(anonymous_2)
FNDA:0,(anonymous_3)
FNDA:82,(anonymous_4)
DA:1,1
DA:2,164
DA:4,0
DA:5,122
DA:6,0
DA:7,82
LF:6
LH:4
BRF:0
BRH:0
end_of_record
TN:
SF:src/value.js
FN:1,(anonymous_0)
FN:4,(anonymous_1)
FN:5,(anonymous_2)
FN:6,(anonymous_3)
FN:7,(anonymous_4)
FN:8,(anonymous_5)
FNF:6
FNH:3
FNDA:152,(anonymous_0)
FNDA:0,(anonymous_1)
FNDA:122,(anonymous_2)
FNDA:0,(anonymous_3)
FNDA:0,(anonymous_4)
FNDA:70,(anonymous_5)
DA:1,1
DA:2,152
DA:4,0
DA:5,122
DA:6,0
DA:7,0
DA:8,70
LF:7
LH:4
BRF:0
BRH:0
end_of_record
TN:
SF:src/policies/AgedBriePolicy.js
FN:1,(anonymous_0)
FN:2,update
FNF:2
FNH:2
FNDA:24,(anonymous_0)
FNDA:24,update
DA:1,1
DA:3,24
DA:4,24
DA:5,11
DA:8,24
DA:11,24
LF:6
LH:6
BRDA:4,0,0,11
BRDA:4,0,1,13
BRF:2
BRH:2
end_of_record
TN:
SF:src/policies/backstagePassPolicy.js
FN:3,(anonymous_0)
FN:4,update
FNF:2
FNH:2
FNDA:29,(anonymous_0)
FNDA:29,update
DA:3,1
DA:5,29
DA:6,3
DA:9,26
DA:10,26
DA:11,16
DA:13,26
DA:14,10
DA:17,26
DA:20,29
LF:10
LH:10
BRDA:5,0,0,3
BRDA:5,0,1,26
BRDA:10,1,0,16
BRDA:10,1,1,10
BRDA:13,2,0,10
BRDA:13,2,1,16
BRF:6
BRH:6
end_of_record
TN:
SF:src/policies/legendaryPolicy.js
FN:1,(anonymous_0)
FN:3,(anonymous_1)
FNF:2
FNH:2
FNDA:12,(anonymous_0)
FNDA:12,(anonymous_1)
DA:1,1
DA:2,12
DA:3,12
LF:3
LH:3
BRF:0
BRH:0
end_of_record
TN:
SF:src/policies/regularDecreasePolicy.js
FN:1,(anonymous_0)
FN:3,(anonymous_1)
FNF:2
FNH:2
FNDA:70,(anonymous_0)
FNDA:70,(anonymous_1)
DA:1,1
DA:2,70
DA:3,70
LF:3
LH:3
BRF:0
BRH:0
end_of_record
TN:
SF:src/policies/standardPolicy.js
FN:1,(anonymous_0)
FN:2,update
FNF:2
FNH:2
FNDA:17,(anonymous_0)
FNDA:17,update
DA:1,1
DA:3,17
DA:4,17
DA:5,8
DA:8,17
DA:11,17
LF:6
LH:6
BRDA:4,0,0,8
BRDA:4,0,1,9
BRF:2
BRH:2
end_of_record
TN:
SF:src/policies/unchangedPolicy.js
FN:1,(anonymous_0)
FN:3,(anonymous_1)
FNF:2
FNH:2
FNDA:12,(anonymous_0)
FNDA:12,(anonymous_1)
DA:1,1
DA:2,12
DA:3,12
LF:3
LH:3
BRF:0
BRH:0
end_of_record
TN:
SF:test/agedBrieBuilder.js
FN:3,(anonymous_0)
FN:7,withSellIn
FN:12,thatIsMatureWith
FN:18,thatIsYoungWith
FN:24,thatIsAboutToArriveAtMaturity
FN:29,withQuality
FN:34,getInstance
FNF:7
FNH:6
FNDA:8,(anonymous_0)
FNDA:5,withSellIn
FNDA:2,thatIsMatureWith
FNDA:1,thatIsYoungWith
FNDA:1,thatIsAboutToArriveAtMaturity
FNDA:0,withQuality
FNDA:8,getInstance
DA:3,1
DA:4,8
DA:5,8
DA:8,5
DA:9,5
DA:13,2
DA:14,2
DA:15,2
DA:19,1
DA:20,1
DA:21,1
DA:25,1
DA:26,1
DA:30,0
DA:31,0
DA:35,8
DA:43,8
LF:17
LH:15
BRF:0
BRH:0
end_of_record
TN:
SF:test/backstagePassBuilder.js
FN:3,(anonymous_0)
FN:7,withSellIn
FN:12,withQuality
FN:17,getInstance
FN:26,farFromConcertDate
FN:32,closeToConcertDate
FN:39,veryCloseToConcertDate
FNF:7
FNH:6
FNDA:13,(anonymous_0)
FNDA:11,withSellIn
FNDA:0,withQuality
FNDA:13,getInstance
FNDA:3,farFromConcertDate
FNDA:3,closeToConcertDate
FNDA:5,veryCloseToConcertDate
DA:3,1
DA:4,13
DA:5,13
DA:8,11
DA:9,11
DA:13,0
DA:14,0
DA:18,13
DA:27,3
DA:28,3
DA:29,3
DA:33,3
DA:34,3
DA:35,3
DA:36,3
DA:40,5
DA:41,5
DA:42,5
DA:45,13
LF:19
LH:17
BRF:0
BRH:0
end_of_record
TN:
SF:test/lengendaryItemBuilder.js
FN:3,(anonymous_0)
FN:7,withSellIn
FN:12,withQuality
FN:17,getInstance
FNF:4
FNH:2
FNDA:4,(anonymous_0)
FNDA:0,withSellIn
FNDA:0,withQuality
FNDA:4,getInstance
DA:3,1
DA:4,4
DA:5,4
DA:8,0
DA:9,0
DA:13,0
DA:14,0
DA:18,4
DA:26,4
LF:9
LH:5
BRF:0
BRH:0
end_of_record
TN:
SF:test/scenario.js
FN:4,(anonymous_0)
FN:8,self
FN:12,anItem
FN:17,weUpdateItsQuality
FN:23,itsSellInShouldBe
FN:28,parseExpectedPath
FN:31,(anonymous_6)
FN:34,itsSellInShouldFollowThisPath
FN:47,itsQualityShouldFollowThisPath
FN:60,itsQualityShouldBe
FNF:10
FNH:10
FNDA:32,(anonymous_0)
FNDA:32,self
FNDA:32,anItem
FNDA:82,weUpdateItsQuality
FNDA:30,itsSellInShouldBe
FNDA:32,parseExpectedPath
FNDA:114,(anonymous_6)
FNDA:8,itsSellInShouldFollowThisPath
FNDA:24,itsQualityShouldFollowThisPath
FNDA:52,itsQualityShouldBe
DA:4,1
DA:6,32
DA:9,32
DA:13,32
DA:14,32
DA:18,82
DA:19,82
DA:20,82
DA:24,30
DA:25,30
DA:29,32
DA:31,114
DA:35,8
DA:36,8
DA:38,8
DA:39,8
DA:40,8
DA:41,22
DA:42,22
DA:44,8
DA:48,24
DA:49,24
DA:51,24
DA:52,24
DA:53,24
DA:54,28
DA:55,28
DA:57,24
DA:61,52
DA:62,52
DA:65,32
LF:31
LH:31
BRF:0
BRH:0
end_of_record
TN:
SF:test/standardItemBuilder.js
FN:3,(anonymous_0)
FN:7,withSellIn
FN:12,thatPassedOut
FN:18,withQuality
FN:23,getInstance
FNF:5
FNH:3
FNDA:7,(anonymous_0)
FNDA:4,withSellIn
FNDA:0,thatPassedOut
FNDA:0,withQuality
FNDA:7,getInstance
DA:3,1
DA:4,7
DA:5,7
DA:8,4
DA:9,4
DA:13,0
DA:14,0
DA:15,0
DA:19,0
DA:20,0
DA:24,7
DA:32,7
LF:12
LH:7
BRF:0
BRH:0
end_of_record
